Arguments: 
  /Users/mac/.nvm/versions/node/v16.13.1/bin/node /usr/local/Cellar/yarn/1.22.4/libexec/bin/yarn.js init

PATH: 
  /Applications/CMake.app/Contents/bin:/Users/mac/Documents/cocos2d-x-4.0/templates:/Users/mac/Documents/cocos2d-x-4.0/tools/cocos2d-console/bin:/Users/mac/Documents/cocos2d-x-4.0/templates:/Users/mac/Documents/cocos2d-x-4.0/tools/cocos2d-console/bin:/Users/mac/Documents/cocos2d-x-4.0/templates:/Users/mac/Documents/cocos2d-x-4.0/tools/cocos2d-console/bin:/Users/mac/Library/Android/sdk/tools:/Users/mac/Library/Android/sdk/platform-tools:/Users/mac/Library/Android/sdk:/Users/mac/Documents/android-ndk-r9d:/Users/mac/Documents:/Users/mac/Documents/apache-ant-1.9.3/bin:/Users/mac/.sdkbox/bin:/usr/local/sbin:/Library/Java/JavaVirtualMachines/jdk1.8.0_301.jdk/Contents/Home/bin:/Users/mac/.sdkbox/bin:/Users/mac/.nvm/versions/node/v16.13.1/bin:/usr/local/sbin:/Users/mac/.npm-global/bin:/usr/local/bin:/usr/bin:/bin:/usr/sbin:/sbin:/opt/X11/bin:/Library/Apple/usr/bin:/Applications/Wireshark.app/Contents/MacOS:/usr/local/mongodb-macos-x86_64-4.2.7/bin:/Users/mac/Library/Android/sdk/tools:/Users/mac/Library/Android/sdk/tools/bin:/Users/mac/Library/Android/sdk/platform-tools:/Users/mac/Library/Android/sdk/emulator:.:/usr/local/mongodb-macos-x86_64-4.2.7/bin:/Users/mac/Library/Android/sdk/tools:/Users/mac/Library/Android/sdk/tools/bin:/Users/mac/Library/Android/sdk/platform-tools:/Users/mac/Library/Android/sdk/emulator

Yarn version: 
  1.22.4

Node version: 
  16.13.1

Platform: 
  darwin x64

Trace: 
  Error: canceled
      at Interface.<anonymous> (/usr/local/Cellar/yarn/1.22.4/libexec/lib/cli.js:137008:13)
      at Interface.emit (node:events:390:28)
      at Interface._ttyWrite (node:readline:1081:16)
      at ReadStream.onkeypress (node:readline:288:10)
      at ReadStream.emit (node:events:390:28)
      at emitKeys (node:internal/readline/utils:358:14)
      at emitKeys.next (<anonymous>)
      at ReadStream.onData (node:internal/readline/emitKeypressEvents:61:36)
      at ReadStream.emit (node:events:390:28)
      at addChunk (node:internal/streams/readable:315:12)

npm manifest: 
  No manifest

yarn manifest: 
  No manifest

Lockfile: 
  No lockfile
